<?xml version="1.0" encoding="UTF-8"?>
<testng-results skipped="0" failed="0" ignored="0" total="1" passed="1">
  <reporter-output>
  </reporter-output>
  <suite name="Surefire suite" duration-ms="57" started-at="2019-03-14T20:49:24Z" finished-at="2019-03-14T20:49:24Z">
    <groups>
    </groups>
    <test name="Surefire test" duration-ms="57" started-at="2019-03-14T20:49:24Z" finished-at="2019-03-14T20:49:24Z">
      <class name="qaclickacademy.AppiumTest">
        <test-method status="PASS" signature="Appium()[pri:0, instance:qaclickacademy.AppiumTest@2c9f9fb0]" name="Appium" duration-ms="12" started-at="2019-03-14T20:49:24Z" finished-at="2019-03-14T20:49:24Z">
          <reporter-output>
          </reporter-output>
        </test-method> <!-- Appium -->
      </class> <!-- qaclickacademy.AppiumTest -->
    </test> <!-- Surefire test -->
  </suite> <!-- Surefire suite -->
</testng-results>
